Using pre-set license
Built from '2022.3/staging' branch; Version is '2022.3.7f1 (b16b3b16c7a0) revision 11627323'; Using compiler version '192829333'; Build Type 'Release'
OS: 'Windows 10  (10.0.19044) 64bit Professional' Language: 'es' Physical Memory: 32584 MB
BatchMode: 1, IsHumanControllingUs: 0, StartBugReporterOnCrash: 0, Is64bit: 1, IsPro: 1

COMMAND LINE ARGUMENTS:
C:\Program Files\Unity\Hub\Editor\2022.3.7f1\Editor\Unity.exe
-adb2
-batchMode
-noUpm
-name
AssetImportWorker1
-projectPath
C:/Users/simulacion/Desktop/Proyecto-Juan-Pablo
-logFile
Logs/AssetImportWorker1.log
-srvPort
56117
Successfully changed project path to: C:/Users/simulacion/Desktop/Proyecto-Juan-Pablo
C:/Users/simulacion/Desktop/Proyecto-Juan-Pablo
[UnityMemory] Configuration Parameters - Can be set up in boot.config
    "memorysetup-bucket-allocator-granularity=16"
    "memorysetup-bucket-allocator-bucket-count=8"
    "memorysetup-bucket-allocator-block-size=33554432"
    "memorysetup-bucket-allocator-block-count=8"
    "memorysetup-main-allocator-block-size=16777216"
    "memorysetup-thread-allocator-block-size=16777216"
    "memorysetup-gfx-main-allocator-block-size=16777216"
    "memorysetup-gfx-thread-allocator-block-size=16777216"
    "memorysetup-cache-allocator-block-size=4194304"
    "memorysetup-typetree-allocator-block-size=2097152"
    "memorysetup-profiler-bucket-allocator-granularity=16"
    "memorysetup-profiler-bucket-allocator-bucket-count=8"
    "memorysetup-profiler-bucket-allocator-block-size=33554432"
    "memorysetup-profiler-bucket-allocator-block-count=8"
    "memorysetup-profiler-allocator-block-size=16777216"
    "memorysetup-profiler-editor-allocator-block-size=1048576"
    "memorysetup-temp-allocator-size-main=16777216"
    "memorysetup-job-temp-allocator-block-size=2097152"
    "memorysetup-job-temp-allocator-block-size-background=1048576"
    "memorysetup-job-temp-allocator-reduction-small-platforms=262144"
    "memorysetup-allocator-temp-initial-block-size-main=262144"
    "memorysetup-allocator-temp-initial-block-size-worker=262144"
    "memorysetup-temp-allocator-size-background-worker=32768"
    "memorysetup-temp-allocator-size-job-worker=262144"
    "memorysetup-temp-allocator-size-preload-manager=33554432"
    "memorysetup-temp-allocator-size-nav-mesh-worker=65536"
    "memorysetup-temp-allocator-size-audio-worker=65536"
    "memorysetup-temp-allocator-size-cloud-worker=32768"
    "memorysetup-temp-allocator-size-gi-baking-worker=262144"
    "memorysetup-temp-allocator-size-gfx=262144"
Player connection [15084] Host "[IP] 10.10.24.165 [Port] 0 [Flags] 2 [Guid] 3807452295 [EditorId] 3807452295 [Version] 1048832 [Id] WindowsEditor(7,EQUIPO801) [Debug] 1 [PackageName] WindowsEditor [ProjectName] Editor" joined multi-casting on [225.0.0.222:54997]...

Player connection [15084] Host "[IP] 10.10.24.165 [Port] 0 [Flags] 2 [Guid] 3807452295 [EditorId] 3807452295 [Version] 1048832 [Id] WindowsEditor(7,EQUIPO801) [Debug] 1 [PackageName] WindowsEditor [ProjectName] Editor" joined alternative multi-casting on [225.0.0.222:34997]...

Refreshing native plugins compatible for Editor in 8.11 ms, found 3 plugins.
Preloading 0 native plugins for Editor in 0.00 ms.
Initialize engine version: 2022.3.7f1 (b16b3b16c7a0)
[Subsystems] Discovering subsystems at path C:/Program Files/Unity/Hub/Editor/2022.3.7f1/Editor/Data/Resources/UnitySubsystems
[Subsystems] Discovering subsystems at path C:/Users/simulacion/Desktop/Proyecto-Juan-Pablo/Assets
GfxDevice: creating device client; threaded=0; jobified=0
Direct3D:
    Version:  Direct3D 11.0 [level 11.1]
    Renderer: NVIDIA T600 (ID=0x1fb1)
    Vendor:   NVIDIA
    VRAM:     3964 MB
    Driver:   27.21.14.6259
Initialize mono
Mono path[0] = 'C:/Program Files/Unity/Hub/Editor/2022.3.7f1/Editor/Data/Managed'
Mono path[1] = 'C:/Program Files/Unity/Hub/Editor/2022.3.7f1/Editor/Data/MonoBleedingEdge/lib/mono/unityjit-win32'
Mono config path = 'C:/Program Files/Unity/Hub/Editor/2022.3.7f1/Editor/Data/MonoBleedingEdge/etc'
Using monoOptions --debugger-agent=transport=dt_socket,embedding=1,server=y,suspend=n,address=127.0.0.1:56228
Begin MonoManager ReloadAssembly
Registering precompiled unity dll's ...
Register platform support module: C:/Program Files/Unity/Hub/Editor/2022.3.7f1/Editor/Data/PlaybackEngines/WindowsStandaloneSupport/UnityEditor.WindowsStandalone.Extensions.dll
Registered in 0.006335 seconds.
- Loaded All Assemblies, in  0.256 seconds
Native extension for WindowsStandalone target not found
Mono: successfully reloaded assembly
- Finished resetting the current domain, in  0.191 seconds
Domain Reload Profiling: 446ms
	BeginReloadAssembly (75ms)
		ExecutionOrderSort (0ms)
		DisableScriptedObjects (0ms)
		BackupInstance (0ms)
		ReleaseScriptingObjects (0ms)
		CreateAndSetChildDomain (0ms)
	RebuildCommonClasses (24ms)
	RebuildNativeTypeToScriptingClass (8ms)
	initialDomainReloadingComplete (45ms)
	LoadAllAssembliesAndSetupDomain (102ms)
		LoadAssemblies (74ms)
		RebuildTransferFunctionScriptingTraits (0ms)
		AnalyzeDomain (101ms)
			TypeCache.Refresh (100ms)
				TypeCache.ScanAssembly (90ms)
			ScanForSourceGeneratedMonoScriptInfo (0ms)
			ResolveRequiredComponents (0ms)
	FinalizeReload (192ms)
		ReleaseScriptCaches (0ms)
		RebuildScriptCaches (0ms)
		SetupLoadedEditorAssemblies (149ms)
			LogAssemblyErrors (0ms)
			InitializePlatformSupportModulesInManaged (7ms)
			SetLoadedEditorAssemblies (5ms)
			RefreshPlugins (0ms)
			BeforeProcessingInitializeOnLoad (2ms)
			ProcessInitializeOnLoadAttributes (101ms)
			ProcessInitializeOnLoadMethodAttributes (34ms)
			AfterProcessingInitializeOnLoad (0ms)
			EditorAssembliesLoaded (0ms)
		ExecutionOrderSort2 (0ms)
		AwakeInstancesAfterBackupRestoration (0ms)
========================================================================
Worker process is ready to serve import requests
Begin MonoManager ReloadAssembly
Symbol file LoadedFromMemory doesn't match image C:\Users\simulacion\Desktop\Proyecto-Juan-Pablo\Library\PackageCache\com.unity.visualscripting@1.8.0\Editor\VisualScripting.Core\Dependencies\YamlDotNet\Unity.VisualScripting.YamlDotNet.dll
Symbol file LoadedFromMemory doesn't match image C:\Users\simulacion\Desktop\Proyecto-Juan-Pablo\Library\PackageCache\com.unity.visualscripting@1.8.0\Editor\VisualScripting.Core\Dependencies\DotNetZip\Unity.VisualScripting.IonicZip.dll
- Loaded All Assemblies, in  0.507 seconds
Refreshing native plugins compatible for Editor in 2.31 ms, found 3 plugins.
Native extension for WindowsStandalone target not found
Mono: successfully reloaded assembly
- Finished resetting the current domain, in  0.643 seconds
Domain Reload Profiling: 1147ms
	BeginReloadAssembly (116ms)
		ExecutionOrderSort (0ms)
		DisableScriptedObjects (5ms)
		BackupInstance (0ms)
		ReleaseScriptingObjects (0ms)
		CreateAndSetChildDomain (17ms)
	RebuildCommonClasses (26ms)
	RebuildNativeTypeToScriptingClass (14ms)
	initialDomainReloadingComplete (32ms)
	LoadAllAssembliesAndSetupDomain (316ms)
		LoadAssemblies (223ms)
		RebuildTransferFunctionScriptingTraits (0ms)
		AnalyzeDomain (155ms)
			TypeCache.Refresh (130ms)
				TypeCache.ScanAssembly (117ms)
			ScanForSourceGeneratedMonoScriptInfo (16ms)
			ResolveRequiredComponents (8ms)
	FinalizeReload (644ms)
		ReleaseScriptCaches (0ms)
		RebuildScriptCaches (0ms)
		SetupLoadedEditorAssemblies (520ms)
			LogAssemblyErrors (0ms)
			InitializePlatformSupportModulesInManaged (5ms)
			SetLoadedEditorAssemblies (2ms)
			RefreshPlugins (0ms)
			BeforeProcessingInitializeOnLoad (55ms)
			ProcessInitializeOnLoadAttributes (410ms)
			ProcessInitializeOnLoadMethodAttributes (42ms)
			AfterProcessingInitializeOnLoad (6ms)
			EditorAssembliesLoaded (0ms)
		ExecutionOrderSort2 (0ms)
		AwakeInstancesAfterBackupRestoration (6ms)
Launched and connected shader compiler UnityShaderCompiler.exe after 0.03 seconds
Refreshing native plugins compatible for Editor in 4.34 ms, found 3 plugins.
Preloading 0 native plugins for Editor in 0.00 ms.
Unloading 4958 Unused Serialized files (Serialized files now loaded: 0)
Unloading 64 unused Assets / (348.3 KB). Loaded Objects now: 5415.
Memory consumption went from 198.0 MB to 197.6 MB.
Total: 5.545500 ms (FindLiveObjects: 0.552500 ms CreateObjectMapping: 0.434800 ms MarkObjects: 4.316700 ms  DeleteObjects: 0.239700 ms)

AssetImportParameters requested are different than current active one (requested -> active):
  custom:container-demuxer-ogg: 62fdf1f143b41e24485cea50d1cbac27 -> 
  custom:video-decoder-ogg-theora: a1e56fd34408186e4bbccfd4996cb3dc -> 
  custom:framework-win-MediaFoundation: 216162199b28c13a410421893ffa2e32 -> 
  custom:container-demuxer-webm: 4f35f7cbe854078d1ac9338744f61a02 -> 
  custom:container-muxer-webm: aa71ff27fc2769a1b78a27578f13a17b -> 
  custom:video-decoder-webm-vp8: 9c59270c3fd7afecdb556c50c9e8de78 -> 
  custom:AudioImporter_EditorPlatform: d09bf68614088b80899f8185d706f6e7 -> 
  custom:video-encoder-webm-vp8: eb34c28f22e8b96e1ab97ce403110664 -> 
  custom:audio-decoder-ogg-vorbis: bf7c407c2cedff20999df2af8eb42d56 -> 
  custom:audio-encoder-webm-vorbis: bf7c407c2cedff20999df2af8eb42d56 -> 
========================================================================
Received Import Request.
  Time since last request: 2357.101142 seconds.
  path: Assets/Blanco.mat
  artifactKey: Guid(11a906c8885851b488c5cc3fa36f333c) Importer(815301076,1909f56bfc062723c751e8b465ee728b)
Start importing Assets/Blanco.mat using Guid(11a906c8885851b488c5cc3fa36f333c) Importer(815301076,1909f56bfc062723c751e8b465ee728b)  -> (artifact id: '5e88d6d22ec6b4475ec48d2c8b18f167') in 0.008264 seconds
Number of updated asset objects reloaded before import = 0
Number of asset objects unloaded after import = 1
========================================================================
Received Import Request.
  Time since last request: 0.000049 seconds.
  path: Assets/rojo.mat
  artifactKey: Guid(7c1f6c752ebb4c84ca1e30e44c3f4737) Importer(815301076,1909f56bfc062723c751e8b465ee728b)
Start importing Assets/rojo.mat using Guid(7c1f6c752ebb4c84ca1e30e44c3f4737) Importer(815301076,1909f56bfc062723c751e8b465ee728b)  -> (artifact id: 'd74443ab1b343f6b565ba4b610f45e0b') in 0.001448 seconds
Number of updated asset objects reloaded before import = 0
Number of asset objects unloaded after import = 1
========================================================================
Received Import Request.
  Time since last request: 0.000020 seconds.
  path: Assets/Textura de ladrillo mario .jpg
  artifactKey: Guid(786c2e802141eba4b9b77c2282253261) Importer(815301076,1909f56bfc062723c751e8b465ee728b)
Start importing Assets/Textura de ladrillo mario .jpg using Guid(786c2e802141eba4b9b77c2282253261) Importer(815301076,1909f56bfc062723c751e8b465ee728b)  -> (artifact id: '48198237a3e770e0bad87af904fa0d9e') in 0.005843 seconds
Number of updated asset objects reloaded before import = 0
Number of asset objects unloaded after import = 1
========================================================================
Received Import Request.
  Time since last request: 0.000018 seconds.
  path: Assets/Simbolo de la bandera-PhotoRoom.png-PhotoRoom.png
  artifactKey: Guid(747e9409d7e25f243911b82dbdaf3338) Importer(815301076,1909f56bfc062723c751e8b465ee728b)
Start importing Assets/Simbolo de la bandera-PhotoRoom.png-PhotoRoom.png using Guid(747e9409d7e25f243911b82dbdaf3338) Importer(815301076,1909f56bfc062723c751e8b465ee728b)  -> (artifact id: 'ffc23bbc8d38f08bad472ed4e83b4062') in 0.002363 seconds
Number of updated asset objects reloaded before import = 0
Number of asset objects unloaded after import = 1
========================================================================
Received Import Request.
  Time since last request: 0.000017 seconds.
  path: Assets/Ladrillo.mat
  artifactKey: Guid(6f7ef859923ede24c9a738a1ed9bf172) Importer(815301076,1909f56bfc062723c751e8b465ee728b)
Start importing Assets/Ladrillo.mat using Guid(6f7ef859923ede24c9a738a1ed9bf172) Importer(815301076,1909f56bfc062723c751e8b465ee728b)  -> (artifact id: '760a4a3571c729bcecf7730c48469846') in 0.001395 seconds
Number of updated asset objects reloaded before import = 0
Number of asset objects unloaded after import = 1
========================================================================
Received Import Request.
  Time since last request: 0.000013 seconds.
  path: Assets/Cielo mario bros.jpg
  artifactKey: Guid(e4f96c46af26097459976d56d93670c6) Importer(815301076,1909f56bfc062723c751e8b465ee728b)
Start importing Assets/Cielo mario bros.jpg using Guid(e4f96c46af26097459976d56d93670c6) Importer(815301076,1909f56bfc062723c751e8b465ee728b)  -> (artifact id: '7d588658fcad6415ae61dcd9deff5815') in 0.001731 seconds
Number of updated asset objects reloaded before import = 0
Number of asset objects unloaded after import = 1
========================================================================
Received Import Request.
  Time since last request: 0.000018 seconds.
  path: Assets/Suelo Mario bros.mat
  artifactKey: Guid(ac9018433d20115408cf91f75895cff2) Importer(815301076,1909f56bfc062723c751e8b465ee728b)
Start importing Assets/Suelo Mario bros.mat using Guid(ac9018433d20115408cf91f75895cff2) Importer(815301076,1909f56bfc062723c751e8b465ee728b)  -> (artifact id: 'fe37a5bd5a0767f5fc35ec98bfeed3c4') in 0.001533 seconds
Number of updated asset objects reloaded before import = 0
Number of asset objects unloaded after import = 1
========================================================================
Received Import Request.
  Time since last request: 0.000025 seconds.
  path: Assets/Amarillo.mat
  artifactKey: Guid(1d3a7465074407e4480e9a282d694d3e) Importer(815301076,1909f56bfc062723c751e8b465ee728b)
Start importing Assets/Amarillo.mat using Guid(1d3a7465074407e4480e9a282d694d3e) Importer(815301076,1909f56bfc062723c751e8b465ee728b)  -> (artifact id: '8c78e2936d0b9eee19364b4b53cb4959') in 0.001586 seconds
Number of updated asset objects reloaded before import = 0
Number of asset objects unloaded after import = 1
========================================================================
Received Import Request.
  Time since last request: 0.000019 seconds.
  path: Assets/Castillo.mat
  artifactKey: Guid(957d327cb6143734281fc4c6231a77d1) Importer(815301076,1909f56bfc062723c751e8b465ee728b)
Start importing Assets/Castillo.mat using Guid(957d327cb6143734281fc4c6231a77d1) Importer(815301076,1909f56bfc062723c751e8b465ee728b)  -> (artifact id: 'a339b88db5650234e4e47ff43f71a5a5') in 0.002357 seconds
Number of updated asset objects reloaded before import = 0
Number of asset objects unloaded after import = 1
========================================================================
Received Import Request.
  Time since last request: 0.000022 seconds.
  path: Assets/New Material 1.mat
  artifactKey: Guid(f434bf6b5b7040d45a65a94a92865682) Importer(815301076,1909f56bfc062723c751e8b465ee728b)
Start importing Assets/New Material 1.mat using Guid(f434bf6b5b7040d45a65a94a92865682) Importer(815301076,1909f56bfc062723c751e8b465ee728b)  -> (artifact id: '9e122972984208dd2ca15f4820622fc3') in 0.001955 seconds
Number of updated asset objects reloaded before import = 0
Number of asset objects unloaded after import = 1
========================================================================
Received Import Request.
  Time since last request: 0.000030 seconds.
  path: Assets/New Material 4.mat
  artifactKey: Guid(0623b61cbda40da40b09ef4176db2a44) Importer(815301076,1909f56bfc062723c751e8b465ee728b)
Start importing Assets/New Material 4.mat using Guid(0623b61cbda40da40b09ef4176db2a44) Importer(815301076,1909f56bfc062723c751e8b465ee728b)  -> (artifact id: 'fde7d354d823d0001d445938c6067e80') in 0.001258 seconds
Number of updated asset objects reloaded before import = 0
Number of asset objects unloaded after import = 1
========================================================================
Received Import Request.
  Time since last request: 0.000020 seconds.
  path: Assets/Readme.asset
  artifactKey: Guid(8105016687592461f977c054a80ce2f2) Importer(815301076,1909f56bfc062723c751e8b465ee728b)
Start importing Assets/Readme.asset using Guid(8105016687592461f977c054a80ce2f2) Importer(815301076,1909f56bfc062723c751e8b465ee728b)  -> (artifact id: '13b11e6936975384c89f4f7e6268c69a') in 0.002284 seconds
Number of updated asset objects reloaded before import = 0
Number of asset objects unloaded after import = 1
========================================================================
Received Import Request.
  Time since last request: 0.000017 seconds.
  path: Assets/Verde.mat
  artifactKey: Guid(9224f364a89591b49bddcf56889f7e2a) Importer(815301076,1909f56bfc062723c751e8b465ee728b)
Start importing Assets/Verde.mat using Guid(9224f364a89591b49bddcf56889f7e2a) Importer(815301076,1909f56bfc062723c751e8b465ee728b)  -> (artifact id: 'c5d3f07ffbd09bf37f43f31e1c70909c') in 0.001245 seconds
Number of updated asset objects reloaded before import = 0
Number of asset objects unloaded after import = 1
========================================================================
Received Import Request.
  Time since last request: 0.000016 seconds.
  path: Assets/Interrogacion.mat
  artifactKey: Guid(bbae6f20c5b3f584a831fbf8f7ca00b5) Importer(815301076,1909f56bfc062723c751e8b465ee728b)
Start importing Assets/Interrogacion.mat using Guid(bbae6f20c5b3f584a831fbf8f7ca00b5) Importer(815301076,1909f56bfc062723c751e8b465ee728b)  -> (artifact id: '0823c37a9d53096210343e6481a0c558') in 0.001681 seconds
Number of updated asset objects reloaded before import = 0
Number of asset objects unloaded after import = 1
Editor requested this worker to shutdown with reason: Scaling down because of idle timeout
TcpMessagingSession - receive error: operation aborted. errorcode: 995, details: La operación de E/S se anuló por una salida de subproceso o por una solicitud de aplicación.
AssetImportWorker is now disconnected from the server
Process exiting
Exiting without the bug reporter. Application will terminate with return code 0